2025-03-07 08:00:07,675+0000 INFO  [quartz-7-thread-4]  *TASK org.sonatype.nexus.repository.content.tasks.CreateComponentIndexTask - Task information:
2025-03-07 08:00:07,676+0000 INFO  [quartz-7-thread-4]  *TASK org.sonatype.nexus.repository.content.tasks.CreateComponentIndexTask -  ID: 19d51212-9237-412a-8abb-b2307c4c3356
2025-03-07 08:00:07,676+0000 INFO  [quartz-7-thread-4]  *TASK org.sonatype.nexus.repository.content.tasks.CreateComponentIndexTask -  Type: create.component.index.task
2025-03-07 08:00:07,676+0000 INFO  [quartz-7-thread-4]  *TASK org.sonatype.nexus.repository.content.tasks.CreateComponentIndexTask -  Name: Repair - Recreate component indexes for performance
2025-03-07 08:00:07,676+0000 INFO  [quartz-7-thread-4]  *TASK org.sonatype.nexus.repository.content.tasks.CreateComponentIndexTask -  Description: Create new indexes for querying the various format component tables by full coordinates
2025-03-07 08:00:07,676+0000 INFO  [quartz-7-thread-4]  *TASK org.sonatype.nexus.repository.content.tasks.CreateComponentIndexTask - Task configuration: {.updated=2025-03-07T08:00:07.663Z, .name=Repair - Recreate component indexes for performance, .recoverable=false, .message=Create new indexes for querying the various format component tables by full coordinates, .id=19d51212-9237-412a-8abb-b2307c4c3356, .typeName=Repair - Recreate component indexes for performance, .visible=false, .typeId=create.component.index.task, .exposed=false, .created=2025-03-07T08:00:07.663Z}
2025-03-07 08:00:07,677+0000 INFO  [quartz-7-thread-4]  *TASK org.sonatype.nexus.repository.content.tasks.CreateComponentIndexService - Recreating component coordinate index for format: apt.  0% done
2025-03-07 08:00:07,677+0000 INFO  [quartz-7-thread-4]  *TASK org.sonatype.nexus.repository.content.tasks.CreateComponentIndexService - Recreating component coordinate index for format: maven2.  5% done
2025-03-07 08:00:07,677+0000 INFO  [quartz-7-thread-4]  *TASK org.sonatype.nexus.repository.content.tasks.CreateComponentIndexService - Recreating component coordinate index for format: raw.  10% done
2025-03-07 08:00:07,677+0000 INFO  [quartz-7-thread-4]  *TASK org.sonatype.nexus.repository.content.tasks.CreateComponentIndexService - Recreating component coordinate index for format: cargo.  15% done
2025-03-07 08:00:07,677+0000 INFO  [quartz-7-thread-4]  *TASK org.sonatype.nexus.repository.content.tasks.CreateComponentIndexService - Recreating component coordinate index for format: cocoapods.  20% done
2025-03-07 08:00:07,678+0000 INFO  [quartz-7-thread-4]  *TASK org.sonatype.nexus.repository.content.tasks.CreateComponentIndexService - Recreating component coordinate index for format: composer.  25% done
2025-03-07 08:00:07,678+0000 INFO  [quartz-7-thread-4]  *TASK org.sonatype.nexus.repository.content.tasks.CreateComponentIndexService - Recreating component coordinate index for format: conan.  30% done
2025-03-07 08:00:07,678+0000 INFO  [quartz-7-thread-4]  *TASK org.sonatype.nexus.repository.content.tasks.CreateComponentIndexService - Recreating component coordinate index for format: conda.  35% done
2025-03-07 08:00:07,678+0000 INFO  [quartz-7-thread-4]  *TASK org.sonatype.nexus.repository.content.tasks.CreateComponentIndexService - Recreating component coordinate index for format: docker.  40% done
2025-03-07 08:00:07,678+0000 INFO  [quartz-7-thread-4]  *TASK org.sonatype.nexus.repository.content.tasks.CreateComponentIndexService - Recreating component coordinate index for format: gitlfs.  45% done
2025-03-07 08:00:07,678+0000 INFO  [quartz-7-thread-4]  *TASK org.sonatype.nexus.repository.content.tasks.CreateComponentIndexService - Recreating component coordinate index for format: go.  50% done
2025-03-07 08:00:07,678+0000 INFO  [quartz-7-thread-4]  *TASK org.sonatype.nexus.repository.content.tasks.CreateComponentIndexService - Recreating component coordinate index for format: helm.  55% done
2025-03-07 08:00:07,678+0000 INFO  [quartz-7-thread-4]  *TASK org.sonatype.nexus.repository.content.tasks.CreateComponentIndexService - Recreating component coordinate index for format: huggingface.  60% done
2025-03-07 08:00:07,679+0000 INFO  [quartz-7-thread-4]  *TASK org.sonatype.nexus.repository.content.tasks.CreateComponentIndexService - Recreating component coordinate index for format: npm.  65% done
2025-03-07 08:00:07,679+0000 INFO  [quartz-7-thread-4]  *TASK org.sonatype.nexus.repository.content.tasks.CreateComponentIndexService - Recreating component coordinate index for format: nuget.  70% done
2025-03-07 08:00:07,679+0000 INFO  [quartz-7-thread-4]  *TASK org.sonatype.nexus.repository.content.tasks.CreateComponentIndexService - Recreating component coordinate index for format: p2.  75% done
2025-03-07 08:00:07,679+0000 INFO  [quartz-7-thread-4]  *TASK org.sonatype.nexus.repository.content.tasks.CreateComponentIndexService - Recreating component coordinate index for format: pypi.  80% done
2025-03-07 08:00:07,680+0000 INFO  [quartz-7-thread-4]  *TASK org.sonatype.nexus.repository.content.tasks.CreateComponentIndexService - Recreating component coordinate index for format: r.  85% done
2025-03-07 08:00:07,680+0000 INFO  [quartz-7-thread-4]  *TASK org.sonatype.nexus.repository.content.tasks.CreateComponentIndexService - Recreating component coordinate index for format: rubygems.  90% done
2025-03-07 08:00:07,680+0000 INFO  [quartz-7-thread-4]  *TASK org.sonatype.nexus.repository.content.tasks.CreateComponentIndexService - Recreating component coordinate index for format: yum.  95% done
2025-03-07 08:00:07,680+0000 INFO  [quartz-7-thread-4]  *TASK org.sonatype.nexus.repository.content.tasks.CreateComponentIndexService - Recreating component coordinate index for all formats.  100% done
2025-03-07 08:00:07,680+0000 INFO  [quartz-7-thread-4]  *TASK org.sonatype.nexus.repository.content.tasks.CreateComponentIndexTask - Task complete
