2025-03-14 00:29:33,393+0000 INFO  [quartz-7-thread-17]  *TASK org.sonatype.nexus.quartz.internal.task.QuartzTaskInfo - Task 'Cleanup unused maven2 blobs from nexus' [assetBlob.cleanup] state change WAITING -> RUNNING
2025-03-14 00:29:33,392+0000 INFO  [quartz-7-thread-20]  *TASK org.sonatype.nexus.quartz.internal.task.QuartzTaskInfo - Task 'Metric aggregation' [content.usage.aggregation] state change WAITING -> RUNNING
2025-03-14 00:29:33,398+0000 INFO  [quartz-7-thread-18]  *TASK org.sonatype.nexus.quartz.internal.task.QuartzTaskInfo - Task 'Cleanup unused docker blobs from nexus' [assetBlob.cleanup] state change WAITING -> RUNNING
2025-03-14 00:29:33,395+0000 INFO  [quartz-7-thread-19]  *TASK org.sonatype.nexus.quartz.internal.task.QuartzTaskInfo - Task 'Cleanup unused nuget blobs from nexus' [assetBlob.cleanup] state change WAITING -> RUNNING
2025-03-14 00:29:33,404+0000 INFO  [quartz-7-thread-14]  *TASK org.sonatype.nexus.quartz.internal.task.QuartzTaskInfo - Task 'Task log cleanup' [tasklog.cleanup] state change WAITING -> RUNNING
2025-03-14 00:29:33,536+0000 INFO  [quartz-7-thread-18]  *TASK org.sonatype.nexus.quartz.internal.task.QuartzTaskInfo - Task 'Cleanup unused docker blobs from nexus' [assetBlob.cleanup] state change RUNNING -> WAITING (OK)
2025-03-14 00:29:33,545+0000 INFO  [quartz-7-thread-17]  *TASK org.sonatype.nexus.quartz.internal.task.QuartzTaskInfo - Task 'Cleanup unused maven2 blobs from nexus' [assetBlob.cleanup] state change RUNNING -> WAITING (OK)
2025-03-14 00:29:33,549+0000 INFO  [quartz-7-thread-19]  *TASK org.sonatype.nexus.quartz.internal.task.QuartzTaskInfo - Task 'Cleanup unused nuget blobs from nexus' [assetBlob.cleanup] state change RUNNING -> WAITING (OK)
2025-03-14 00:29:33,567+0000 INFO  [quartz-7-thread-20]  *TASK org.sonatype.nexus.quartz.internal.task.QuartzTaskInfo - Task 'Metric aggregation' [content.usage.aggregation] state change RUNNING -> WAITING (OK)
2025-03-14 00:29:33,614+0000 INFO  [quartz-7-thread-14]  *TASK org.sonatype.nexus.tasklog.TaskLogCleanup - Cleaning up log files in /opt/sonatype/nexus/../sonatype-work/nexus3/log/tasks older than 30 days
2025-03-14 00:29:33,769+0000 INFO  [quartz-7-thread-14]  *TASK org.sonatype.nexus.quartz.internal.task.QuartzTaskInfo - Task 'Task log cleanup' [tasklog.cleanup] state change RUNNING -> WAITING (OK)
2025-03-14 00:47:33,059+0000 INFO  [quartz-7-thread-14]  *TASK org.sonatype.nexus.quartz.internal.task.QuartzTaskInfo - Task 'Cleanup unused maven2 blobs from nexus' [assetBlob.cleanup] state change WAITING -> RUNNING
2025-03-14 00:47:33,076+0000 INFO  [quartz-7-thread-14]  *TASK org.sonatype.nexus.quartz.internal.task.QuartzTaskInfo - Task 'Cleanup unused maven2 blobs from nexus' [assetBlob.cleanup] state change RUNNING -> WAITING (OK)
2025-03-14 01:19:34,717+0000 INFO  [quartz-7-thread-14]  *TASK org.sonatype.nexus.quartz.internal.task.QuartzTaskInfo - Task 'Cleanup unused nuget blobs from nexus' [assetBlob.cleanup] state change WAITING -> RUNNING
2025-03-14 01:19:34,719+0000 INFO  [quartz-7-thread-19]  *TASK org.sonatype.nexus.quartz.internal.task.QuartzTaskInfo - Task 'Cleanup service' [repository.cleanup] state change WAITING -> RUNNING
2025-03-14 01:19:34,717+0000 INFO  [quartz-7-thread-20]  *TASK org.sonatype.nexus.quartz.internal.task.QuartzTaskInfo - Task 'Cleanup unused docker blobs from nexus' [assetBlob.cleanup] state change WAITING -> RUNNING
2025-03-14 01:19:34,722+0000 INFO  [quartz-7-thread-17]  *TASK org.sonatype.nexus.quartz.internal.task.QuartzTaskInfo - Task 'Cleanup unused maven2 blobs from nexus' [assetBlob.cleanup] state change WAITING -> RUNNING
2025-03-14 01:19:34,723+0000 INFO  [quartz-7-thread-18]  *TASK org.sonatype.nexus.quartz.internal.task.QuartzTaskInfo - Task 'Metric aggregation' [content.usage.aggregation] state change WAITING -> RUNNING
2025-03-14 01:19:34,733+0000 INFO  [quartz-7-thread-17]  *TASK org.sonatype.nexus.quartz.internal.task.QuartzTaskInfo - Task 'Cleanup unused maven2 blobs from nexus' [assetBlob.cleanup] state change RUNNING -> WAITING (OK)
2025-03-14 01:19:34,735+0000 INFO  [quartz-7-thread-20]  *TASK org.sonatype.nexus.quartz.internal.task.QuartzTaskInfo - Task 'Cleanup unused docker blobs from nexus' [assetBlob.cleanup] state change RUNNING -> WAITING (OK)
2025-03-14 01:19:34,738+0000 INFO  [quartz-7-thread-14]  *TASK org.sonatype.nexus.quartz.internal.task.QuartzTaskInfo - Task 'Cleanup unused nuget blobs from nexus' [assetBlob.cleanup] state change RUNNING -> WAITING (OK)
2025-03-14 01:19:34,750+0000 INFO  [quartz-7-thread-18]  *TASK org.sonatype.nexus.quartz.internal.task.QuartzTaskInfo - Task 'Metric aggregation' [content.usage.aggregation] state change RUNNING -> WAITING (OK)
2025-03-14 01:19:34,993+0000 INFO  [quartz-7-thread-19]  *TASK org.sonatype.nexus.cleanup.internal.task.CleanupTask - Task log: ../sonatype-work/nexus3/log/tasks/repository.cleanup-20250314011934984.log
2025-03-14 01:19:35,044+0000 INFO  [quartz-7-thread-19]  *TASK org.sonatype.nexus.quartz.internal.task.QuartzTaskInfo - Task 'Cleanup service' [repository.cleanup] state change RUNNING -> WAITING (OK)
2025-03-14 01:34:55,822+0000 INFO  [quartz-7-thread-18]  *TASK org.sonatype.nexus.quartz.internal.task.QuartzTaskInfo - Task 'Cleanup unused nuget blobs from nexus' [assetBlob.cleanup] state change WAITING -> RUNNING
2025-03-14 01:34:55,822+0000 INFO  [quartz-7-thread-19]  *TASK org.sonatype.nexus.quartz.internal.task.QuartzTaskInfo - Task 'Cleanup unused maven2 blobs from nexus' [assetBlob.cleanup] state change WAITING -> RUNNING
2025-03-14 01:34:55,829+0000 INFO  [quartz-7-thread-14]  *TASK org.sonatype.nexus.quartz.internal.task.QuartzTaskInfo - Task 'Cleanup unused docker blobs from nexus' [assetBlob.cleanup] state change WAITING -> RUNNING
2025-03-14 01:34:55,849+0000 INFO  [quartz-7-thread-14]  *TASK org.sonatype.nexus.quartz.internal.task.QuartzTaskInfo - Task 'Cleanup unused docker blobs from nexus' [assetBlob.cleanup] state change RUNNING -> WAITING (OK)
2025-03-14 01:34:55,850+0000 INFO  [quartz-7-thread-18]  *TASK org.sonatype.nexus.quartz.internal.task.QuartzTaskInfo - Task 'Cleanup unused nuget blobs from nexus' [assetBlob.cleanup] state change RUNNING -> WAITING (OK)
2025-03-14 01:34:55,851+0000 INFO  [quartz-7-thread-19]  *TASK org.sonatype.nexus.quartz.internal.task.QuartzTaskInfo - Task 'Cleanup unused maven2 blobs from nexus' [assetBlob.cleanup] state change RUNNING -> WAITING (OK)
2025-03-14 02:00:00,033+0000 INFO  [quartz-7-thread-18]  *TASK org.sonatype.nexus.quartz.internal.task.QuartzTaskInfo - Task 'Cleanup unused nuget blobs from nexus' [assetBlob.cleanup] state change WAITING -> RUNNING
2025-03-14 02:00:00,033+0000 INFO  [quartz-7-thread-19]  *TASK org.sonatype.nexus.quartz.internal.task.QuartzTaskInfo - Task 'Cleanup unused maven2 blobs from nexus' [assetBlob.cleanup] state change WAITING -> RUNNING
2025-03-14 02:00:00,037+0000 INFO  [quartz-7-thread-14]  *TASK org.sonatype.nexus.quartz.internal.task.QuartzTaskInfo - Task 'Cleanup unused docker blobs from nexus' [assetBlob.cleanup] state change WAITING -> RUNNING
2025-03-14 02:00:00,094+0000 INFO  [quartz-7-thread-19]  *TASK org.sonatype.nexus.quartz.internal.task.QuartzTaskInfo - Task 'Cleanup unused maven2 blobs from nexus' [assetBlob.cleanup] state change RUNNING -> WAITING (OK)
2025-03-14 02:00:00,097+0000 INFO  [quartz-7-thread-14]  *TASK org.sonatype.nexus.quartz.internal.task.QuartzTaskInfo - Task 'Cleanup unused docker blobs from nexus' [assetBlob.cleanup] state change RUNNING -> WAITING (OK)
2025-03-14 02:00:00,100+0000 INFO  [quartz-7-thread-18]  *TASK org.sonatype.nexus.quartz.internal.task.QuartzTaskInfo - Task 'Cleanup unused nuget blobs from nexus' [assetBlob.cleanup] state change RUNNING -> WAITING (OK)
2025-03-14 02:01:00,043+0000 INFO  [quartz-7-thread-18]  *TASK org.sonatype.nexus.quartz.internal.task.QuartzTaskInfo - Task 'Metric aggregation' [content.usage.aggregation] state change WAITING -> RUNNING
2025-03-14 02:01:00,122+0000 INFO  [quartz-7-thread-18]  *TASK org.sonatype.nexus.quartz.internal.task.QuartzTaskInfo - Task 'Metric aggregation' [content.usage.aggregation] state change RUNNING -> WAITING (OK)
2025-03-14 02:30:00,064+0000 INFO  [quartz-7-thread-18]  *TASK org.sonatype.nexus.quartz.internal.task.QuartzTaskInfo - Task 'Cleanup unused maven2 blobs from nexus' [assetBlob.cleanup] state change WAITING -> RUNNING
2025-03-14 02:30:00,064+0000 INFO  [quartz-7-thread-14]  *TASK org.sonatype.nexus.quartz.internal.task.QuartzTaskInfo - Task 'Cleanup unused nuget blobs from nexus' [assetBlob.cleanup] state change WAITING -> RUNNING
2025-03-14 02:30:00,067+0000 INFO  [quartz-7-thread-19]  *TASK org.sonatype.nexus.quartz.internal.task.QuartzTaskInfo - Task 'Cleanup unused docker blobs from nexus' [assetBlob.cleanup] state change WAITING -> RUNNING
2025-03-14 02:30:00,136+0000 INFO  [quartz-7-thread-18]  *TASK org.sonatype.nexus.quartz.internal.task.QuartzTaskInfo - Task 'Cleanup unused maven2 blobs from nexus' [assetBlob.cleanup] state change RUNNING -> WAITING (OK)
2025-03-14 02:30:00,141+0000 INFO  [quartz-7-thread-19]  *TASK org.sonatype.nexus.quartz.internal.task.QuartzTaskInfo - Task 'Cleanup unused docker blobs from nexus' [assetBlob.cleanup] state change RUNNING -> WAITING (OK)
2025-03-14 02:30:00,148+0000 INFO  [quartz-7-thread-14]  *TASK org.sonatype.nexus.quartz.internal.task.QuartzTaskInfo - Task 'Cleanup unused nuget blobs from nexus' [assetBlob.cleanup] state change RUNNING -> WAITING (OK)
2025-03-14 03:00:00,067+0000 INFO  [quartz-7-thread-19]  *TASK org.sonatype.nexus.quartz.internal.task.QuartzTaskInfo - Task 'Cleanup unused nuget blobs from nexus' [assetBlob.cleanup] state change WAITING -> RUNNING
2025-03-14 03:00:00,067+0000 INFO  [quartz-7-thread-14]  *TASK org.sonatype.nexus.quartz.internal.task.QuartzTaskInfo - Task 'Cleanup unused maven2 blobs from nexus' [assetBlob.cleanup] state change WAITING -> RUNNING
2025-03-14 03:00:00,071+0000 INFO  [quartz-7-thread-18]  *TASK org.sonatype.nexus.quartz.internal.task.QuartzTaskInfo - Task 'Cleanup unused docker blobs from nexus' [assetBlob.cleanup] state change WAITING -> RUNNING
2025-03-14 03:00:00,106+0000 INFO  [quartz-7-thread-19]  *TASK org.sonatype.nexus.quartz.internal.task.QuartzTaskInfo - Task 'Cleanup unused nuget blobs from nexus' [assetBlob.cleanup] state change RUNNING -> WAITING (OK)
2025-03-14 03:00:00,109+0000 INFO  [quartz-7-thread-18]  *TASK org.sonatype.nexus.quartz.internal.task.QuartzTaskInfo - Task 'Cleanup unused docker blobs from nexus' [assetBlob.cleanup] state change RUNNING -> WAITING (OK)
2025-03-14 03:00:00,116+0000 INFO  [quartz-7-thread-14]  *TASK org.sonatype.nexus.quartz.internal.task.QuartzTaskInfo - Task 'Cleanup unused maven2 blobs from nexus' [assetBlob.cleanup] state change RUNNING -> WAITING (OK)
2025-03-14 03:01:00,049+0000 INFO  [quartz-7-thread-14]  *TASK org.sonatype.nexus.quartz.internal.task.QuartzTaskInfo - Task 'Metric aggregation' [content.usage.aggregation] state change WAITING -> RUNNING
2025-03-14 03:01:00,113+0000 INFO  [quartz-7-thread-14]  *TASK org.sonatype.nexus.quartz.internal.task.QuartzTaskInfo - Task 'Metric aggregation' [content.usage.aggregation] state change RUNNING -> WAITING (OK)
2025-03-14 03:30:00,044+0000 INFO  [quartz-7-thread-14]  *TASK org.sonatype.nexus.quartz.internal.task.QuartzTaskInfo - Task 'Cleanup unused maven2 blobs from nexus' [assetBlob.cleanup] state change WAITING -> RUNNING
2025-03-14 03:30:00,045+0000 INFO  [quartz-7-thread-18]  *TASK org.sonatype.nexus.quartz.internal.task.QuartzTaskInfo - Task 'Cleanup unused nuget blobs from nexus' [assetBlob.cleanup] state change WAITING -> RUNNING
2025-03-14 03:30:00,045+0000 INFO  [quartz-7-thread-19]  *TASK org.sonatype.nexus.quartz.internal.task.QuartzTaskInfo - Task 'Cleanup unused docker blobs from nexus' [assetBlob.cleanup] state change WAITING -> RUNNING
2025-03-14 03:30:00,112+0000 INFO  [quartz-7-thread-18]  *TASK org.sonatype.nexus.quartz.internal.task.QuartzTaskInfo - Task 'Cleanup unused nuget blobs from nexus' [assetBlob.cleanup] state change RUNNING -> WAITING (OK)
2025-03-14 03:30:00,122+0000 INFO  [quartz-7-thread-14]  *TASK org.sonatype.nexus.quartz.internal.task.QuartzTaskInfo - Task 'Cleanup unused maven2 blobs from nexus' [assetBlob.cleanup] state change RUNNING -> WAITING (OK)
2025-03-14 03:30:00,131+0000 INFO  [quartz-7-thread-19]  *TASK org.sonatype.nexus.quartz.internal.task.QuartzTaskInfo - Task 'Cleanup unused docker blobs from nexus' [assetBlob.cleanup] state change RUNNING -> WAITING (OK)
2025-03-14 04:00:00,063+0000 INFO  [quartz-7-thread-19]  *TASK org.sonatype.nexus.quartz.internal.task.QuartzTaskInfo - Task 'Cleanup unused maven2 blobs from nexus' [assetBlob.cleanup] state change WAITING -> RUNNING
2025-03-14 04:00:00,063+0000 INFO  [quartz-7-thread-14]  *TASK org.sonatype.nexus.quartz.internal.task.QuartzTaskInfo - Task 'Cleanup unused nuget blobs from nexus' [assetBlob.cleanup] state change WAITING -> RUNNING
2025-03-14 04:00:00,071+0000 INFO  [quartz-7-thread-18]  *TASK org.sonatype.nexus.quartz.internal.task.QuartzTaskInfo - Task 'Cleanup unused docker blobs from nexus' [assetBlob.cleanup] state change WAITING -> RUNNING
2025-03-14 04:00:00,105+0000 INFO  [quartz-7-thread-18]  *TASK org.sonatype.nexus.quartz.internal.task.QuartzTaskInfo - Task 'Cleanup unused docker blobs from nexus' [assetBlob.cleanup] state change RUNNING -> WAITING (OK)
2025-03-14 04:00:00,110+0000 INFO  [quartz-7-thread-19]  *TASK org.sonatype.nexus.quartz.internal.task.QuartzTaskInfo - Task 'Cleanup unused maven2 blobs from nexus' [assetBlob.cleanup] state change RUNNING -> WAITING (OK)
2025-03-14 04:00:00,115+0000 INFO  [quartz-7-thread-14]  *TASK org.sonatype.nexus.quartz.internal.task.QuartzTaskInfo - Task 'Cleanup unused nuget blobs from nexus' [assetBlob.cleanup] state change RUNNING -> WAITING (OK)
2025-03-14 04:01:00,040+0000 INFO  [quartz-7-thread-14]  *TASK org.sonatype.nexus.quartz.internal.task.QuartzTaskInfo - Task 'Metric aggregation' [content.usage.aggregation] state change WAITING -> RUNNING
2025-03-14 04:01:00,126+0000 INFO  [quartz-7-thread-14]  *TASK org.sonatype.nexus.quartz.internal.task.QuartzTaskInfo - Task 'Metric aggregation' [content.usage.aggregation] state change RUNNING -> WAITING (OK)
